<?xml version="1.0" encoding="UTF-8"?>
<!-- Generated by org.testng.reporters.JUnitReportReporter -->
<testsuite skipped="0" hostname="sdatta" name="WebTest1" tests="2" failures="0" timestamp="17 Jun 2019 06:51:57 GMT" time="0.013" errors="0">
  <testcase name="test1" time="0.010" classname="WebTest1"/>
  <testcase name="test2" time="0.003" classname="WebTest1"/>
</testsuite> <!-- WebTest1 -->
