<?xml version="1.0" encoding="UTF-8"?>
<!-- Generated by org.testng.reporters.JUnitReportReporter -->
<testsuite skipped="0" hostname="sdatta" name="classA" tests="1" failures="0" timestamp="17 Jun 2019 06:07:29 GMT" time="0.006" errors="0">
  <testcase name="f" time="0.006" classname="classA"/>
</testsuite> <!-- classA -->
