<?xml version="1.0" encoding="UTF-8"?>
<!-- Generated by org.testng.reporters.JUnitReportReporter -->
<testsuite skipped="0" hostname="sdatta" name="CalcTest" tests="1" failures="0" timestamp="17 Jun 2019 06:08:27 GMT" time="0.017" errors="0">
  <testcase name="sumTest" time="0.017" classname="CalcTest"/>
</testsuite> <!-- CalcTest -->
