<?xml version="1.0" encoding="UTF-8"?>
<!-- Generated by org.testng.reporters.JUnitReportReporter -->
<testsuite skipped="0" hostname="sdatta" name="WebTest2" tests="2" failures="0" timestamp="17 Jun 2019 07:04:19 GMT" time="0.016" errors="0">
  <testcase name="test1" time="0.014" classname="WebTest2"/>
  <testcase name="test2" time="0.002" classname="WebTest2"/>
</testsuite> <!-- WebTest2 -->
