<?xml version="1.0" encoding="UTF-8"?>
<!-- Generated by org.testng.reporters.JUnitReportReporter -->
<testsuite skipped="0" hostname="sdatta" name="WebTest3" tests="3" failures="0" timestamp="17 Jun 2019 08:08:15 GMT" time="4.081" errors="0">
  <testcase name="performLogin" time="1.968" classname="WebTest3"/>
  <testcase name="clickLogin" time="0.929" classname="WebTest3"/>
  <testcase name="performLogout" time="1.184" classname="WebTest3"/>
</testsuite> <!-- WebTest3 -->
