<?xml version="1.0" encoding="UTF-8"?>
<!-- Generated by org.testng.reporters.JUnitReportReporter -->
<testsuite skipped="0" hostname="sdatta" name="testonline" tests="4" failures="0" timestamp="20 Jun 2019 03:49:43 GMT" time="0.015" errors="0">
  <testcase name="C" time="0.000" classname="testonline"/>
  <testcase name="A" time="0.000" classname="testonline"/>
  <testcase name="E" time="0.015" classname="testonline"/>
  <testcase name="B" time="0.000" classname="testonline"/>
</testsuite> <!-- testonline -->
